<?xml version="1.0" encoding="utf-8"?><testsuites name="pytest tests"><testsuite name="pytest" errors="0" failures="0" skipped="0" tests="21" time="7.989" timestamp="2026-02-13T07:42:39.917794+00:00" hostname="agent-env-eaefd061-15c0-4991-82e0-0765271ae667"><testcase classname="backend.tests.test_notifications_manager.TestHealthCheck" name="test_api_health" time="0.107" /><testcase classname="backend.tests.test_notifications_manager.TestManagerDashboard" name="test_manager_login_success" time="0.557" /><testcase classname="backend.tests.test_notifications_manager.TestManagerDashboard" name="test_manager_dashboard_accessible" time="0.303" /><testcase classname="backend.tests.test_notifications_manager.TestManagerDashboard" name="test_manager_dashboard_shows_only_team" time="0.353" /><testcase classname="backend.tests.test_notifications_manager.TestManagerDashboard" name="test_manager_dashboard_forbidden_for_employee" time="0.568" /><testcase classname="backend.tests.test_notifications_manager.TestManagerTeam" name="test_get_manager_team" time="0.299" /><testcase classname="backend.tests.test_notifications_manager.TestManagerTeam" name="test_manager_team_forbidden_for_employee" time="0.597" /><testcase classname="backend.tests.test_notifications_manager.TestListManagers" name="test_list_managers" time="0.312" /><testcase classname="backend.tests.test_notifications_manager.TestNotificationsCreate" name="test_create_notification_to_all" time="0.296" /><testcase classname="backend.tests.test_notifications_manager.TestNotificationsCreate" name="test_create_notification_to_specific_user" time="0.337" /><testcase classname="backend.tests.test_notifications_manager.TestNotificationsCreate" name="test_notification_types" time="0.450" /><testcase classname="backend.tests.test_notifications_manager.TestNotificationsAll" name="test_get_all_notifications" time="0.300" /><testcase classname="backend.tests.test_notifications_manager.TestNotificationsAll" name="test_notifications_include_recipient_name" time="0.299" /><testcase classname="backend.tests.test_notifications_manager.TestNotificationsAll" name="test_notifications_all_forbidden_for_employee" time="0.581" /><testcase classname="backend.tests.test_notifications_manager.TestLocationAlerts" name="test_get_location_alerts" time="0.304" /><testcase classname="backend.tests.test_notifications_manager.TestLocationAlerts" name="test_location_alerts_content" time="0.305" /><testcase classname="backend.tests.test_notifications_manager.TestLocationAlerts" name="test_alerts_forbidden_for_employee" time="0.557" /><testcase classname="backend.tests.test_notifications_manager.TestEmployeeNotifications" name="test_employee_can_see_their_notifications" time="0.298" /><testcase classname="backend.tests.test_notifications_manager.TestNotificationDelete" name="test_delete_notification" time="0.341" /><testcase classname="backend.tests.test_notifications_manager.TestManagerIdInUserCreation" name="test_manager_id_field_exists" time="0.336" /><testcase classname="backend.tests.test_notifications_manager.TestManagerIdInUserCreation" name="test_update_user_manager_id" time="0.405" /></testsuite></testsuites>