<?xml version="1.0" encoding="utf-8"?><testsuites name="pytest tests"><testsuite name="pytest" errors="0" failures="0" skipped="0" tests="13" time="4.658" timestamp="2026-02-13T07:29:28.838215+00:00" hostname="agent-env-eaefd061-15c0-4991-82e0-0765271ae667"><testcase classname="test_remote_map.TestHealthCheck" name="test_api_health" time="0.106" /><testcase classname="test_remote_map.TestRemoteWorkers" name="test_get_remote_workers_success" time="0.368" /><testcase classname="test_remote_map.TestRemoteWorkers" name="test_remote_worker_has_required_fields" time="0.308" /><testcase classname="test_remote_map.TestRemoteWorkers" name="test_remote_worker_home_location_structure" time="0.341" /><testcase classname="test_remote_map.TestRemoteWorkers" name="test_remote_workers_unauthorized" time="0.563" /><testcase classname="test_remote_map.TestRemoteClocks" name="test_get_remote_clocks_default" time="0.302" /><testcase classname="test_remote_map.TestRemoteClocks" name="test_get_remote_clocks_with_days_param" time="0.381" /><testcase classname="test_remote_map.TestRemoteClocks" name="test_remote_clock_record_structure" time="0.312" /><testcase classname="test_remote_map.TestRemoteClocks" name="test_remote_clock_location_structure" time="0.298" /><testcase classname="test_remote_map.TestRemoteClocks" name="test_remote_clock_distance_calculation" time="0.302" /><testcase classname="test_remote_map.TestRemoteClocks" name="test_remote_clocks_unauthorized" time="0.595" /><testcase classname="test_remote_map.TestHRDashboardIntegration" name="test_hr_dashboard_accessible" time="0.302" /><testcase classname="test_remote_map.TestHRDashboardIntegration" name="test_users_list_shows_work_mode" time="0.303" /></testsuite></testsuites>