<?xml version="1.0" encoding="utf-8"?><testsuites name="pytest tests"><testsuite name="pytest" errors="0" failures="0" skipped="0" tests="14" time="6.439" timestamp="2026-02-13T08:02:23.977644+00:00" hostname="agent-env-eaefd061-15c0-4991-82e0-0765271ae667"><testcase classname="backend.tests.test_subscription_reports.TestSubscriptionPlans" name="test_get_plans_public" time="0.123" /><testcase classname="backend.tests.test_subscription_reports.TestSubscriptionPlans" name="test_get_current_subscription" time="0.500" /><testcase classname="backend.tests.test_subscription_reports.TestSubscriptionPlans" name="test_get_subscription_requires_hr" time="0.189" /><testcase classname="backend.tests.test_subscription_reports.TestSubscriptionPlans" name="test_checkout_free_plan_blocked" time="0.383" /><testcase classname="backend.tests.test_subscription_reports.TestSubscriptionPlans" name="test_checkout_invalid_plan" time="0.384" /><testcase classname="backend.tests.test_subscription_reports.TestSubscriptionPlans" name="test_checkout_pro_plan" time="0.867" /><testcase classname="backend.tests.test_subscription_reports.TestSubscriptionPlans" name="test_checkout_business_plan" time="0.855" /><testcase classname="backend.tests.test_subscription_reports.TestSubscriptionPlans" name="test_check_payment_status_invalid_session" time="0.413" /><testcase classname="backend.tests.test_subscription_reports.TestReportsPDF" name="test_attendance_pdf_report" time="0.436" /><testcase classname="backend.tests.test_subscription_reports.TestReportsPDF" name="test_attendance_excel_report" time="0.441" /><testcase classname="backend.tests.test_subscription_reports.TestReportsPDF" name="test_employees_pdf_report" time="0.465" /><testcase classname="backend.tests.test_subscription_reports.TestReportsPDF" name="test_reports_require_hr_role" time="0.453" /><testcase classname="backend.tests.test_subscription_reports.TestReportsPDF" name="test_attendance_reports_missing_dates" time="0.423" /><testcase classname="backend.tests.test_subscription_reports.TestSubscriptionHistory" name="test_get_payment_history" time="0.455" /></testsuite></testsuites>